0 silly argv { _: [ 'version' ],
0 silly argv   lernaVersion: '3.19.0',
0 silly argv   '$0': '/Users/joao/blossm/blossm/node_modules/.bin/lerna',
0 silly argv   bump: 'patch' }
1 notice cli v3.19.0
2 verbose rootPath /Users/joao/blossm/blossm
3 info versioning independent
4 silly isAnythingCommitted
5 verbose isAnythingCommitted 1
6 silly currentBranch
7 verbose currentBranch master
8 silly remoteBranchExists
9 silly isBehindUpstream
10 error Error: Command failed: git remote update
10 error fatal: unable to access 'https://github.com/blossm-network/blossm.git/': Could not resolve host: github.com
10 error error: Could not fetch origin
10 error
10 error Fetching origin
10 error
10 error     at makeError (/Users/joao/blossm/blossm/node_modules/execa/index.js:174:9)
10 error     at Function.module.exports.sync (/Users/joao/blossm/blossm/node_modules/execa/index.js:338:15)
10 error     at Object.execSync (/Users/joao/blossm/blossm/node_modules/@lerna/child-process/index.js:26:16)
10 error     at updateRemote (/Users/joao/blossm/blossm/node_modules/@lerna/version/lib/is-behind-upstream.js:26:16)
10 error     at isBehindUpstream (/Users/joao/blossm/blossm/node_modules/@lerna/version/lib/is-behind-upstream.js:11:3)
10 error     at VersionCommand.initialize (/Users/joao/blossm/blossm/node_modules/@lerna/version/index.js:150:9)
