Arguments: 
  /usr/local/bin/node /usr/local/bin/yarn install --mutex network:42424 --non-interactive

PATH: 
  /Users/joao/blossm/blossm/node_modules/.bin:/Users/joao/blossm/node_modules/.bin:/Users/joao/node_modules/.bin:/Users/node_modules/.bin:/node_modules/.bin:/usr/local/bin:/var/folders/td/1z2wysyx391gm5_235h7rvsm0000gn/T/yarn--1576451791421-0.1635830975526138:/Users/joao/blossm/blossm/node_modules/.bin:/Users/joao/.config/yarn/link/node_modules/.bin:/Users/joao/blossm/blossm/node_modules/.bin:/usr/local/libexec/lib/node_modules/npm/bin/node-gyp-bin:/usr/local/lib/node_modules/npm/bin/node-gyp-bin:/usr/local/bin/node_modules/npm/bin/node-gyp-bin:/Users/joao/.google-cloud-sdk/bin:/Users/joao/.flutter_build/bin:/Users/joao/.yarn/bin:/Users/joao/.config/yarn/global/node_modules/.bin:/Users/joao/.mongo/bin:/Developer/adt-bundle/sdk/tools:/Developer/adt-bundle/sdk/platform-tools:/usr/local/bin:/Users/joao/.google-cloud-sdk/bin:/Users/joao/.flutter_build/bin:/Users/joao/.yarn/bin:/Users/joao/.config/yarn/global/node_modules/.bin:/Users/joao/.mongo/bin:/Developer/adt-bundle/sdk/tools:/Developer/adt-bundle/sdk/platform-tools:/usr/local/bin:/usr/local/bin:/usr/bin:/bin:/usr/sbin:/sbin:/Users/joao/.google-cloud-sdk/bin:/Users/joao/.flutter_build/bin:/Users/joao/.yarn/bin:/Users/joao/.config/yarn/global/node_modules/.bin:/Users/joao/.mongo/bin:/Users/joao/.nvm/versions/node/v8.6.0/bin:/Developer/adt-bundle/sdk/tools:/Developer/adt-bundle/sdk/platform-tools

Yarn version: 
  1.3.2

Node version: 
  10.16.3

Platform: 
  darwin x64

npm manifest: 
  {
    "name": "@blossm/blossm",
    "description": "The Blossm codebase.",
    "version": "0.0.0",
    "private": true,
    "workspaces": [
      "packages/**/*"
    ],
    "repository": {
      "type": "git",
      "url": "git+https://github.com/blossm-network/blossm.git"
    },
    "author": "blossm.network",
    "bugs": {
      "url": "https://github.com/blossm-network/blossm/issues"
    },
    "homepage": "https://github.com/blossm-network/blossm#readme",
    "engines": {
      "node": ">= 10.16.0"
    },
    "scripts": {
      "preversion": "yarn test",
      "version": "auto-changelog && git add CHANGELOG.md",
      "postversion": "git push",
      "precommit": "lint-staged",
      "bootstrap": "lerna bootstrap --use-workspaces",
      "compile": "lerna run compile",
      "clean": "lerna run clean",
      "test": "lerna run test",
      "patch": "lerna version patch",
      "major": "lerna version major",
      "check-packages": "yarn clean && yarn compile && yarn test",
      "lerna-publish": "npx lerna publish -y from-package"
    },
    "devDependencies": {
      "auto-changelog": "^1.13.0",
      "chai": "^4.2.0",
      "eslint": "^5.16.0",
      "eslint-config-prettier": "^4.1.0",
      "eslint-plugin-import": "^2.17.2",
      "eslint-plugin-prettier": "^3.1.1",
      "prettier": "^1.19.1",
      "husky": "^1.3.1",
      "lerna": "^3.18.4",
      "lint-staged": "^8.1.7",
      "mocha": "^6.1.4",
      "prettier-eslint-cli": "^5.0.0",
      "sinon": "^7.3.2"
    },
    "lint-staged": {
      "*.js": [
        "eslint --fix",
        "prettier-eslint --write",
        "git add"
      ],
      "*.json": [
        "prettier-eslint --write",
        "git add"
      ]
    }
  }

yarn manifest: 
  No manifest

Lockfile: 
  No lockfile

Trace: 
  Error: https://registry.yarnpkg.com/@blossm/view-store-js/-/view-store-js-0.0.16.tgz: Request failed "404 Not Found"
      at Request.<anonymous> (/usr/local/lib/node_modules/yarn/lib/cli.js:59356:26)
      at Request.emit (events.js:198:13)
      at Request.module.exports.Request.onRequestResponse (/usr/local/lib/node_modules/yarn/lib/cli.js:123971:10)
      at ClientRequest.emit (events.js:203:15)
      at HTTPParser.parserOnIncomingClient [as onIncoming] (_http_client.js:556:21)
      at HTTPParser.parserOnHeadersComplete (_http_common.js:109:17)
      at TLSSocket.socketOnData (_http_client.js:442:20)
      at TLSSocket.emit (events.js:198:13)
      at addChunk (_stream_readable.js:288:12)
      at readableAddChunk (_stream_readable.js:269:11)
